<?xml version="1.0" encoding="UTF-8"?>
<testsuite name="com.fullcycle.admin.catalogo.infrastructure.category.models.CategoryResponseTest" tests="2" skipped="0" failures="0" errors="0" timestamp="2022-09-24T16:01:34" hostname="DESKTOP-TC6IA7B" time="0.017">
  <properties/>
  <testcase name="testMarshall()" classname="com.fullcycle.admin.catalogo.infrastructure.category.models.CategoryResponseTest" time="0.005"/>
  <testcase name="testUnmarshall()" classname="com.fullcycle.admin.catalogo.infrastructure.category.models.CategoryResponseTest" time="0.011"/>
  <system-out><![CDATA[2022-09-24 13:01:34.772  INFO 12914 --- [    Test worker] o.s.b.t.a.j.JsonTestContextBootstrapper  : Neither @ContextConfiguration nor @ContextHierarchy found for test class [com.fullcycle.admin.catalogo.infrastructure.category.models.CategoryResponseTest], using SpringBootContextLoader
2022-09-24 13:01:34.773  INFO 12914 --- [    Test worker] o.s.t.c.support.AbstractContextLoader    : Could not detect default resource locations for test class [com.fullcycle.admin.catalogo.infrastructure.category.models.CategoryResponseTest]: no resource found for suffixes {-context.xml, Context.groovy}.
2022-09-24 13:01:34.773  INFO 12914 --- [    Test worker] t.c.s.AnnotationConfigContextLoaderUtils : Could not detect default configuration classes for test class [com.fullcycle.admin.catalogo.infrastructure.category.models.CategoryResponseTest]: CategoryResponseTest does not declare any static, non-private, non-final, nested classes annotated with @Configuration.
2022-09-24 13:01:34.775  INFO 12914 --- [    Test worker] .b.t.c.SpringBootTestContextBootstrapper : Found @SpringBootConfiguration com.fullcycle.admin.catalogo.infrastructure.Main for test class com.fullcycle.admin.catalogo.infrastructure.category.models.CategoryResponseTest
2022-09-24 13:01:34.775  INFO 12914 --- [    Test worker] o.s.b.t.a.j.JsonTestContextBootstrapper  : Loaded default TestExecutionListener class names from location [META-INF/spring.factories]: [org.springframework.boot.test.autoconfigure.restdocs.RestDocsTestExecutionListener, org.springframework.boot.test.autoconfigure.web.client.MockRestServiceServerResetTestExecutionListener, org.springframework.boot.test.autoconfigure.web.servlet.MockMvcPrintOnlyOnFailureTestExecutionListener, org.springframework.boot.test.autoconfigure.web.servlet.WebDriverTestExecutionListener, org.springframework.boot.test.autoconfigure.webservices.client.MockWebServiceServerTestExecutionListener, org.springframework.boot.test.mock.mockito.MockitoTestExecutionListener, org.springframework.boot.test.mock.mockito.ResetMocksTestExecutionListener, org.springframework.test.context.web.ServletTestExecutionListener, org.springframework.test.context.support.DirtiesContextBeforeModesTestExecutionListener, org.springframework.test.context.event.ApplicationEventsTestExecutionListener, org.springframework.test.context.support.DependencyInjectionTestExecutionListener, org.springframework.test.context.support.DirtiesContextTestExecutionListener, org.springframework.test.context.transaction.TransactionalTestExecutionListener, org.springframework.test.context.jdbc.SqlScriptsTestExecutionListener, org.springframework.test.context.event.EventPublishingTestExecutionListener]
2022-09-24 13:01:34.776  INFO 12914 --- [    Test worker] o.s.b.t.a.j.JsonTestContextBootstrapper  : Using TestExecutionListeners: [org.springframework.test.context.web.ServletTestExecutionListener@12cea099, org.springframework.test.context.support.DirtiesContextBeforeModesTestExecutionListener@1408e09a, org.springframework.test.context.event.ApplicationEventsTestExecutionListener@60d14dca, org.springframework.boot.test.mock.mockito.MockitoTestExecutionListener@15892443, org.springframework.boot.test.autoconfigure.SpringBootDependencyInjectionTestExecutionListener@72a48403, org.springframework.test.context.support.DirtiesContextTestExecutionListener@21fba6fd, org.springframework.test.context.transaction.TransactionalTestExecutionListener@4b2e1015, org.springframework.test.context.jdbc.SqlScriptsTestExecutionListener@17d99e0f, org.springframework.test.context.event.EventPublishingTestExecutionListener@418b946b, org.springframework.boot.test.autoconfigure.restdocs.RestDocsTestExecutionListener@3d3b1ee9, org.springframework.boot.test.autoconfigure.web.client.MockRestServiceServerResetTestExecutionListener@62e0fe3, org.springframework.boot.test.autoconfigure.web.servlet.MockMvcPrintOnlyOnFailureTestExecutionListener@5d5cd0cf, org.springframework.boot.test.autoconfigure.web.servlet.WebDriverTestExecutionListener@40692fc3, org.springframework.boot.test.autoconfigure.webservices.client.MockWebServiceServerTestExecutionListener@2540ad71, org.springframework.boot.test.mock.mockito.ResetMocksTestExecutionListener@53e7ef2d]
]]></system-out>
  <system-err><![CDATA[]]></system-err>
</testsuite>
