<?xml version="1.0" encoding="UTF-8"?>
<testsuite name="com.fullcycle.admin.catalogo.infrastructure.category.models.CategoryListResponseTest" tests="1" skipped="0" failures="0" errors="0" timestamp="2022-09-24T16:01:34" hostname="DESKTOP-TC6IA7B" time="0.039">
  <properties/>
  <testcase name="testMarshall()" classname="com.fullcycle.admin.catalogo.infrastructure.category.models.CategoryListResponseTest" time="0.039"/>
  <system-out><![CDATA[2022-09-24 13:01:34.629  INFO 12914 --- [    Test worker] o.s.b.t.a.j.JsonTestContextBootstrapper  : Neither @ContextConfiguration nor @ContextHierarchy found for test class [com.fullcycle.admin.catalogo.infrastructure.category.models.CategoryListResponseTest], using SpringBootContextLoader
2022-09-24 13:01:34.630  INFO 12914 --- [    Test worker] o.s.t.c.support.AbstractContextLoader    : Could not detect default resource locations for test class [com.fullcycle.admin.catalogo.infrastructure.category.models.CategoryListResponseTest]: no resource found for suffixes {-context.xml, Context.groovy}.
2022-09-24 13:01:34.630  INFO 12914 --- [    Test worker] t.c.s.AnnotationConfigContextLoaderUtils : Could not detect default configuration classes for test class [com.fullcycle.admin.catalogo.infrastructure.category.models.CategoryListResponseTest]: CategoryListResponseTest does not declare any static, non-private, non-final, nested classes annotated with @Configuration.
2022-09-24 13:01:34.635  INFO 12914 --- [    Test worker] .b.t.c.SpringBootTestContextBootstrapper : Found @SpringBootConfiguration com.fullcycle.admin.catalogo.infrastructure.Main for test class com.fullcycle.admin.catalogo.infrastructure.category.models.CategoryListResponseTest
2022-09-24 13:01:34.635  INFO 12914 --- [    Test worker] o.s.b.t.a.j.JsonTestContextBootstrapper  : Loaded default TestExecutionListener class names from location [META-INF/spring.factories]: [org.springframework.boot.test.autoconfigure.restdocs.RestDocsTestExecutionListener, org.springframework.boot.test.autoconfigure.web.client.MockRestServiceServerResetTestExecutionListener, org.springframework.boot.test.autoconfigure.web.servlet.MockMvcPrintOnlyOnFailureTestExecutionListener, org.springframework.boot.test.autoconfigure.web.servlet.WebDriverTestExecutionListener, org.springframework.boot.test.autoconfigure.webservices.client.MockWebServiceServerTestExecutionListener, org.springframework.boot.test.mock.mockito.MockitoTestExecutionListener, org.springframework.boot.test.mock.mockito.ResetMocksTestExecutionListener, org.springframework.test.context.web.ServletTestExecutionListener, org.springframework.test.context.support.DirtiesContextBeforeModesTestExecutionListener, org.springframework.test.context.event.ApplicationEventsTestExecutionListener, org.springframework.test.context.support.DependencyInjectionTestExecutionListener, org.springframework.test.context.support.DirtiesContextTestExecutionListener, org.springframework.test.context.transaction.TransactionalTestExecutionListener, org.springframework.test.context.jdbc.SqlScriptsTestExecutionListener, org.springframework.test.context.event.EventPublishingTestExecutionListener]
2022-09-24 13:01:34.636  INFO 12914 --- [    Test worker] o.s.b.t.a.j.JsonTestContextBootstrapper  : Using TestExecutionListeners: [org.springframework.test.context.web.ServletTestExecutionListener@3c07b046, org.springframework.test.context.support.DirtiesContextBeforeModesTestExecutionListener@4086022, org.springframework.test.context.event.ApplicationEventsTestExecutionListener@4c2f3f41, org.springframework.boot.test.mock.mockito.MockitoTestExecutionListener@7679a54b, org.springframework.boot.test.autoconfigure.SpringBootDependencyInjectionTestExecutionListener@77fdbe42, org.springframework.test.context.support.DirtiesContextTestExecutionListener@30b3d9ef, org.springframework.test.context.transaction.TransactionalTestExecutionListener@5d32d8f, org.springframework.test.context.jdbc.SqlScriptsTestExecutionListener@3ebb8383, org.springframework.test.context.event.EventPublishingTestExecutionListener@24ae25b8, org.springframework.boot.test.autoconfigure.restdocs.RestDocsTestExecutionListener@afcfc63, org.springframework.boot.test.autoconfigure.web.client.MockRestServiceServerResetTestExecutionListener@16df17e6, org.springframework.boot.test.autoconfigure.web.servlet.MockMvcPrintOnlyOnFailureTestExecutionListener@749a3925, org.springframework.boot.test.autoconfigure.web.servlet.WebDriverTestExecutionListener@214c51eb, org.springframework.boot.test.autoconfigure.webservices.client.MockWebServiceServerTestExecutionListener@4cbeae45, org.springframework.boot.test.mock.mockito.ResetMocksTestExecutionListener@22b0f013]

  .   ____          _            __ _ _
 /\\ / ___'_ __ _ _(_)_ __  __ _ \ \ \ \
( ( )\___ | '_ | '_| | '_ \/ _` | \ \ \ \
 \\/  ___)| |_)| | | | | || (_| |  ) ) ) )
  '  |____| .__|_| |_|_| |_\__, | / / / /
 =========|_|==============|___/=/_/_/_/
 :: Spring Boot ::                (v2.6.7)

2022-09-24 13:01:34.653  INFO 12914 --- [    Test worker] c.f.a.c.i.c.m.CategoryListResponseTest   : Starting CategoryListResponseTest using Java 17.0.2 on DESKTOP-TC6IA7B with PID 12914 (started by ericrlessa in /home/ericrlessa/Workspaces/fullcycle/fc3-admin-do-catalogo/infrastructure)
2022-09-24 13:01:34.654  INFO 12914 --- [    Test worker] c.f.a.c.i.c.m.CategoryListResponseTest   : The following 1 profile is active: "test-integration"
2022-09-24 13:01:34.724  INFO 12914 --- [    Test worker] c.f.a.c.i.c.m.CategoryListResponseTest   : Started CategoryListResponseTest in 0.087 seconds (JVM running for 26.095)
]]></system-out>
  <system-err><![CDATA[]]></system-err>
</testsuite>
