<?xml version="1.0" encoding="UTF-8"?>
<testsuite name="com.fullcycle.admin.catalogo.infrastructure.category.models.CreateCategoryRequestTest" tests="2" skipped="0" failures="0" errors="0" timestamp="2022-09-24T16:01:34" hostname="DESKTOP-TC6IA7B" time="0.016">
  <properties/>
  <testcase name="testMarshall()" classname="com.fullcycle.admin.catalogo.infrastructure.category.models.CreateCategoryRequestTest" time="0.01"/>
  <testcase name="testUnmarshall()" classname="com.fullcycle.admin.catalogo.infrastructure.category.models.CreateCategoryRequestTest" time="0.005"/>
  <system-out><![CDATA[2022-09-24 13:01:34.799  INFO 12914 --- [    Test worker] o.s.b.t.a.j.JsonTestContextBootstrapper  : Neither @ContextConfiguration nor @ContextHierarchy found for test class [com.fullcycle.admin.catalogo.infrastructure.category.models.CreateCategoryRequestTest], using SpringBootContextLoader
2022-09-24 13:01:34.800  INFO 12914 --- [    Test worker] o.s.t.c.support.AbstractContextLoader    : Could not detect default resource locations for test class [com.fullcycle.admin.catalogo.infrastructure.category.models.CreateCategoryRequestTest]: no resource found for suffixes {-context.xml, Context.groovy}.
2022-09-24 13:01:34.800  INFO 12914 --- [    Test worker] t.c.s.AnnotationConfigContextLoaderUtils : Could not detect default configuration classes for test class [com.fullcycle.admin.catalogo.infrastructure.category.models.CreateCategoryRequestTest]: CreateCategoryRequestTest does not declare any static, non-private, non-final, nested classes annotated with @Configuration.
2022-09-24 13:01:34.802  INFO 12914 --- [    Test worker] .b.t.c.SpringBootTestContextBootstrapper : Found @SpringBootConfiguration com.fullcycle.admin.catalogo.infrastructure.Main for test class com.fullcycle.admin.catalogo.infrastructure.category.models.CreateCategoryRequestTest
2022-09-24 13:01:34.803  INFO 12914 --- [    Test worker] o.s.b.t.a.j.JsonTestContextBootstrapper  : Loaded default TestExecutionListener class names from location [META-INF/spring.factories]: [org.springframework.boot.test.autoconfigure.restdocs.RestDocsTestExecutionListener, org.springframework.boot.test.autoconfigure.web.client.MockRestServiceServerResetTestExecutionListener, org.springframework.boot.test.autoconfigure.web.servlet.MockMvcPrintOnlyOnFailureTestExecutionListener, org.springframework.boot.test.autoconfigure.web.servlet.WebDriverTestExecutionListener, org.springframework.boot.test.autoconfigure.webservices.client.MockWebServiceServerTestExecutionListener, org.springframework.boot.test.mock.mockito.MockitoTestExecutionListener, org.springframework.boot.test.mock.mockito.ResetMocksTestExecutionListener, org.springframework.test.context.web.ServletTestExecutionListener, org.springframework.test.context.support.DirtiesContextBeforeModesTestExecutionListener, org.springframework.test.context.event.ApplicationEventsTestExecutionListener, org.springframework.test.context.support.DependencyInjectionTestExecutionListener, org.springframework.test.context.support.DirtiesContextTestExecutionListener, org.springframework.test.context.transaction.TransactionalTestExecutionListener, org.springframework.test.context.jdbc.SqlScriptsTestExecutionListener, org.springframework.test.context.event.EventPublishingTestExecutionListener]
2022-09-24 13:01:34.803  INFO 12914 --- [    Test worker] o.s.b.t.a.j.JsonTestContextBootstrapper  : Using TestExecutionListeners: [org.springframework.test.context.web.ServletTestExecutionListener@edb28f6, org.springframework.test.context.support.DirtiesContextBeforeModesTestExecutionListener@10eddc8b, org.springframework.test.context.event.ApplicationEventsTestExecutionListener@cb715b9, org.springframework.boot.test.mock.mockito.MockitoTestExecutionListener@50c253b6, org.springframework.boot.test.autoconfigure.SpringBootDependencyInjectionTestExecutionListener@7094dc0, org.springframework.test.context.support.DirtiesContextTestExecutionListener@797ed02e, org.springframework.test.context.transaction.TransactionalTestExecutionListener@4d500865, org.springframework.test.context.jdbc.SqlScriptsTestExecutionListener@fcdad9a, org.springframework.test.context.event.EventPublishingTestExecutionListener@426786ee, org.springframework.boot.test.autoconfigure.restdocs.RestDocsTestExecutionListener@4d97c12c, org.springframework.boot.test.autoconfigure.web.client.MockRestServiceServerResetTestExecutionListener@c9ebdb, org.springframework.boot.test.autoconfigure.web.servlet.MockMvcPrintOnlyOnFailureTestExecutionListener@620a2725, org.springframework.boot.test.autoconfigure.web.servlet.WebDriverTestExecutionListener@1ca49d7c, org.springframework.boot.test.autoconfigure.webservices.client.MockWebServiceServerTestExecutionListener@6f49a165, org.springframework.boot.test.mock.mockito.ResetMocksTestExecutionListener@20110864]
]]></system-out>
  <system-err><![CDATA[]]></system-err>
</testsuite>
