<?xml version="1.0" encoding="UTF-8"?>
<testsuite name="com.fullcycle.admin.catalogo.application.category.retrieve.SampleIT" tests="1" skipped="0" failures="0" errors="0" timestamp="2022-09-24T16:01:14" hostname="DESKTOP-TC6IA7B" time="0.009">
  <properties/>
  <testcase name="testInjects()" classname="com.fullcycle.admin.catalogo.application.category.retrieve.SampleIT" time="0.009"/>
  <system-out><![CDATA[2022-09-24 13:01:13.903  INFO 12914 --- [    Test worker] .b.t.c.SpringBootTestContextBootstrapper : Neither @ContextConfiguration nor @ContextHierarchy found for test class [com.fullcycle.admin.catalogo.application.category.retrieve.SampleIT], using SpringBootContextLoader
2022-09-24 13:01:13.903  INFO 12914 --- [    Test worker] o.s.t.c.support.AbstractContextLoader    : Could not detect default resource locations for test class [com.fullcycle.admin.catalogo.application.category.retrieve.SampleIT]: no resource found for suffixes {-context.xml, Context.groovy}.
2022-09-24 13:01:13.905  INFO 12914 --- [    Test worker] .b.t.c.SpringBootTestContextBootstrapper : Loaded default TestExecutionListener class names from location [META-INF/spring.factories]: [org.springframework.boot.test.autoconfigure.restdocs.RestDocsTestExecutionListener, org.springframework.boot.test.autoconfigure.web.client.MockRestServiceServerResetTestExecutionListener, org.springframework.boot.test.autoconfigure.web.servlet.MockMvcPrintOnlyOnFailureTestExecutionListener, org.springframework.boot.test.autoconfigure.web.servlet.WebDriverTestExecutionListener, org.springframework.boot.test.autoconfigure.webservices.client.MockWebServiceServerTestExecutionListener, org.springframework.boot.test.mock.mockito.MockitoTestExecutionListener, org.springframework.boot.test.mock.mockito.ResetMocksTestExecutionListener, org.springframework.test.context.web.ServletTestExecutionListener, org.springframework.test.context.support.DirtiesContextBeforeModesTestExecutionListener, org.springframework.test.context.event.ApplicationEventsTestExecutionListener, org.springframework.test.context.support.DependencyInjectionTestExecutionListener, org.springframework.test.context.support.DirtiesContextTestExecutionListener, org.springframework.test.context.transaction.TransactionalTestExecutionListener, org.springframework.test.context.jdbc.SqlScriptsTestExecutionListener, org.springframework.test.context.event.EventPublishingTestExecutionListener]
2022-09-24 13:01:13.905  INFO 12914 --- [    Test worker] .b.t.c.SpringBootTestContextBootstrapper : Using TestExecutionListeners: [org.springframework.test.context.web.ServletTestExecutionListener@b8e6981, org.springframework.test.context.support.DirtiesContextBeforeModesTestExecutionListener@1e40edb7, org.springframework.test.context.event.ApplicationEventsTestExecutionListener@27381497, org.springframework.boot.test.mock.mockito.MockitoTestExecutionListener@282c0891, org.springframework.boot.test.autoconfigure.SpringBootDependencyInjectionTestExecutionListener@5096be74, org.springframework.test.context.support.DirtiesContextTestExecutionListener@4922dc84, org.springframework.test.context.transaction.TransactionalTestExecutionListener@2ed9e59b, org.springframework.test.context.jdbc.SqlScriptsTestExecutionListener@66790851, org.springframework.test.context.event.EventPublishingTestExecutionListener@3796ff4, org.springframework.boot.test.autoconfigure.restdocs.RestDocsTestExecutionListener@5ce045e3, org.springframework.boot.test.autoconfigure.web.client.MockRestServiceServerResetTestExecutionListener@3df496d9, org.springframework.boot.test.autoconfigure.web.servlet.MockMvcPrintOnlyOnFailureTestExecutionListener@13e12ab6, org.springframework.boot.test.autoconfigure.web.servlet.WebDriverTestExecutionListener@5bafe1f1, org.springframework.boot.test.autoconfigure.webservices.client.MockWebServiceServerTestExecutionListener@5be783a, org.springframework.boot.test.mock.mockito.ResetMocksTestExecutionListener@1c65740a]

  .   ____          _            __ _ _
 /\\ / ___'_ __ _ _(_)_ __  __ _ \ \ \ \
( ( )\___ | '_ | '_| | '_ \/ _` | \ \ \ \
 \\/  ___)| |_)| | | | | || (_| |  ) ) ) )
  '  |____| .__|_| |_|_| |_\__, | / / / /
 =========|_|==============|___/=/_/_/_/
 :: Spring Boot ::                (v2.6.7)

2022-09-24 13:01:13.924  INFO 12914 --- [    Test worker] c.f.a.c.a.category.retrieve.SampleIT     : Starting SampleIT using Java 17.0.2 on DESKTOP-TC6IA7B with PID 12914 (started by ericrlessa in /home/ericrlessa/Workspaces/fullcycle/fc3-admin-do-catalogo/infrastructure)
2022-09-24 13:01:13.925  INFO 12914 --- [    Test worker] c.f.a.c.a.category.retrieve.SampleIT     : The following 1 profile is active: "test-integration"
2022-09-24 13:01:14.037  INFO 12914 --- [    Test worker] .s.d.r.c.RepositoryConfigurationDelegate : Bootstrapping Spring Data JPA repositories in DEFAULT mode.
2022-09-24 13:01:14.044  INFO 12914 --- [    Test worker] .s.d.r.c.RepositoryConfigurationDelegate : Finished Spring Data repository scanning in 6 ms. Found 2 JPA repository interfaces.
2022-09-24 13:01:14.132  WARN 12914 --- [    Test worker] com.zaxxer.hikari.HikariConfig           : master - idleTimeout is close to or more than maxLifetime, disabling it.
2022-09-24 13:01:14.132  INFO 12914 --- [    Test worker] com.zaxxer.hikari.HikariDataSource       : master - Starting...
2022-09-24 13:01:14.135  INFO 12914 --- [    Test worker] com.zaxxer.hikari.HikariDataSource       : master - Start completed.
2022-09-24 13:01:14.135  INFO 12914 --- [    Test worker] o.f.c.internal.license.VersionPrinter    : Flyway Community Edition 8.0.5 by Redgate
2022-09-24 13:01:14.135  INFO 12914 --- [    Test worker] o.f.c.i.database.base.BaseDatabaseType   : Database: jdbc:h2:mem:adm_videos_test (H2 1.4)
2022-09-24 13:01:14.141  INFO 12914 --- [    Test worker] o.f.core.internal.command.DbValidate     : Successfully validated 2 migrations (execution time 00:00.003s)
2022-09-24 13:01:14.158  INFO 12914 --- [    Test worker] o.f.core.internal.command.DbMigrate      : Current version of schema "public": 2
2022-09-24 13:01:14.160  INFO 12914 --- [    Test worker] o.f.core.internal.command.DbMigrate      : Schema "public" is up to date. No migration necessary.
2022-09-24 13:01:14.183  INFO 12914 --- [    Test worker] o.hibernate.jpa.internal.util.LogHelper  : HHH000204: Processing PersistenceUnitInfo [name: default]
2022-09-24 13:01:14.188  INFO 12914 --- [    Test worker] org.hibernate.dialect.Dialect            : HHH000400: Using dialect: org.hibernate.dialect.H2Dialect
2022-09-24 13:01:14.249  INFO 12914 --- [    Test worker] o.h.e.t.j.p.i.JtaPlatformInitiator       : HHH000490: Using JtaPlatform implementation: [org.hibernate.engine.transaction.jta.platform.internal.NoJtaPlatform]
2022-09-24 13:01:14.249  INFO 12914 --- [    Test worker] j.LocalContainerEntityManagerFactoryBean : Initialized JPA EntityManagerFactory for persistence unit 'default'
2022-09-24 13:01:14.411  INFO 12914 --- [    Test worker] o.s.b.a.h2.H2ConsoleAutoConfiguration    : H2 console available at '/h2'. Database available at 'jdbc:h2:mem:adm_videos_test'
2022-09-24 13:01:14.744  INFO 12914 --- [    Test worker] c.f.a.c.a.category.retrieve.SampleIT     : Started SampleIT in 0.838 seconds (JVM running for 6.115)
Hibernate: select genrejpaen0_.id as id1_1_, genrejpaen0_.active as active2_1_, genrejpaen0_.created_at as created_3_1_, genrejpaen0_.deleted_at as deleted_4_1_, genrejpaen0_.name as name5_1_, genrejpaen0_.updated_at as updated_6_1_ from genres genrejpaen0_
Hibernate: select categoryjp0_.id as id1_0_, categoryjp0_.active as active2_0_, categoryjp0_.created_at as created_3_0_, categoryjp0_.deleted_at as deleted_4_0_, categoryjp0_.description as descript5_0_, categoryjp0_.name as name6_0_, categoryjp0_.updated_at as updated_7_0_ from category categoryjp0_
]]></system-out>
  <system-err><![CDATA[]]></system-err>
</testsuite>
