<?xml version="1.0" encoding="UTF-8"?>
<testsuite name="com.fullcycle.admin.catalogo.infrastructure.category.models.UpdateCategoryRequestTest" tests="1" skipped="0" failures="0" errors="0" timestamp="2022-09-24T16:01:34" hostname="DESKTOP-TC6IA7B" time="0.004">
  <properties/>
  <testcase name="testUnmarshall()" classname="com.fullcycle.admin.catalogo.infrastructure.category.models.UpdateCategoryRequestTest" time="0.004"/>
  <system-out><![CDATA[2022-09-24 13:01:34.823  INFO 12914 --- [    Test worker] o.s.b.t.a.j.JsonTestContextBootstrapper  : Neither @ContextConfiguration nor @ContextHierarchy found for test class [com.fullcycle.admin.catalogo.infrastructure.category.models.UpdateCategoryRequestTest], using SpringBootContextLoader
2022-09-24 13:01:34.823  INFO 12914 --- [    Test worker] o.s.t.c.support.AbstractContextLoader    : Could not detect default resource locations for test class [com.fullcycle.admin.catalogo.infrastructure.category.models.UpdateCategoryRequestTest]: no resource found for suffixes {-context.xml, Context.groovy}.
2022-09-24 13:01:34.823  INFO 12914 --- [    Test worker] t.c.s.AnnotationConfigContextLoaderUtils : Could not detect default configuration classes for test class [com.fullcycle.admin.catalogo.infrastructure.category.models.UpdateCategoryRequestTest]: UpdateCategoryRequestTest does not declare any static, non-private, non-final, nested classes annotated with @Configuration.
2022-09-24 13:01:34.824  INFO 12914 --- [    Test worker] .b.t.c.SpringBootTestContextBootstrapper : Found @SpringBootConfiguration com.fullcycle.admin.catalogo.infrastructure.Main for test class com.fullcycle.admin.catalogo.infrastructure.category.models.UpdateCategoryRequestTest
2022-09-24 13:01:34.825  INFO 12914 --- [    Test worker] o.s.b.t.a.j.JsonTestContextBootstrapper  : Loaded default TestExecutionListener class names from location [META-INF/spring.factories]: [org.springframework.boot.test.autoconfigure.restdocs.RestDocsTestExecutionListener, org.springframework.boot.test.autoconfigure.web.client.MockRestServiceServerResetTestExecutionListener, org.springframework.boot.test.autoconfigure.web.servlet.MockMvcPrintOnlyOnFailureTestExecutionListener, org.springframework.boot.test.autoconfigure.web.servlet.WebDriverTestExecutionListener, org.springframework.boot.test.autoconfigure.webservices.client.MockWebServiceServerTestExecutionListener, org.springframework.boot.test.mock.mockito.MockitoTestExecutionListener, org.springframework.boot.test.mock.mockito.ResetMocksTestExecutionListener, org.springframework.test.context.web.ServletTestExecutionListener, org.springframework.test.context.support.DirtiesContextBeforeModesTestExecutionListener, org.springframework.test.context.event.ApplicationEventsTestExecutionListener, org.springframework.test.context.support.DependencyInjectionTestExecutionListener, org.springframework.test.context.support.DirtiesContextTestExecutionListener, org.springframework.test.context.transaction.TransactionalTestExecutionListener, org.springframework.test.context.jdbc.SqlScriptsTestExecutionListener, org.springframework.test.context.event.EventPublishingTestExecutionListener]
2022-09-24 13:01:34.825  INFO 12914 --- [    Test worker] o.s.b.t.a.j.JsonTestContextBootstrapper  : Using TestExecutionListeners: [org.springframework.test.context.web.ServletTestExecutionListener@1fc52b51, org.springframework.test.context.support.DirtiesContextBeforeModesTestExecutionListener@5bd3d747, org.springframework.test.context.event.ApplicationEventsTestExecutionListener@4ba1ccaf, org.springframework.boot.test.mock.mockito.MockitoTestExecutionListener@2495bc30, org.springframework.boot.test.autoconfigure.SpringBootDependencyInjectionTestExecutionListener@12bc9450, org.springframework.test.context.support.DirtiesContextTestExecutionListener@571010af, org.springframework.test.context.transaction.TransactionalTestExecutionListener@12917a56, org.springframework.test.context.jdbc.SqlScriptsTestExecutionListener@1bec2008, org.springframework.test.context.event.EventPublishingTestExecutionListener@6d043931, org.springframework.boot.test.autoconfigure.restdocs.RestDocsTestExecutionListener@3ac6c956, org.springframework.boot.test.autoconfigure.web.client.MockRestServiceServerResetTestExecutionListener@239c4792, org.springframework.boot.test.autoconfigure.web.servlet.MockMvcPrintOnlyOnFailureTestExecutionListener@598acf89, org.springframework.boot.test.autoconfigure.web.servlet.WebDriverTestExecutionListener@150ba838, org.springframework.boot.test.autoconfigure.webservices.client.MockWebServiceServerTestExecutionListener@198b4fb6, org.springframework.boot.test.mock.mockito.ResetMocksTestExecutionListener@58ea2bc2]
]]></system-out>
  <system-err><![CDATA[]]></system-err>
</testsuite>
