<?xml version="1.0" encoding="UTF-8"?>
<testsuite name="com.fullcycle.admin.catalogo.infrastructure.genre.GenreMySQLGatewayTest" tests="3" skipped="0" failures="0" errors="0" timestamp="2022-09-24T16:01:34" hostname="DESKTOP-TC6IA7B" time="0.053">
  <properties/>
  <testcase name="testDependenciesInjected()" classname="com.fullcycle.admin.catalogo.infrastructure.genre.GenreMySQLGatewayTest" time="0.009"/>
  <testcase name="givenAValidGenre_whenCallsCreateGenre_shouldPersistGenre()" classname="com.fullcycle.admin.catalogo.infrastructure.genre.GenreMySQLGatewayTest" time="0.034"/>
  <testcase name="givenAValidGenreWhitoutCategories_whenCallsCreateGenre_shouldPersistGenre()" classname="com.fullcycle.admin.catalogo.infrastructure.genre.GenreMySQLGatewayTest" time="0.009"/>
  <system-out><![CDATA[2022-09-24 13:01:34.871  INFO 12914 --- [    Test worker] b.t.a.o.j.DataJpaTestContextBootstrapper : Neither @ContextConfiguration nor @ContextHierarchy found for test class [com.fullcycle.admin.catalogo.infrastructure.genre.GenreMySQLGatewayTest], using SpringBootContextLoader
2022-09-24 13:01:34.871  INFO 12914 --- [    Test worker] o.s.t.c.support.AbstractContextLoader    : Could not detect default resource locations for test class [com.fullcycle.admin.catalogo.infrastructure.genre.GenreMySQLGatewayTest]: no resource found for suffixes {-context.xml, Context.groovy}.
2022-09-24 13:01:34.872  INFO 12914 --- [    Test worker] t.c.s.AnnotationConfigContextLoaderUtils : Could not detect default configuration classes for test class [com.fullcycle.admin.catalogo.infrastructure.genre.GenreMySQLGatewayTest]: GenreMySQLGatewayTest does not declare any static, non-private, non-final, nested classes annotated with @Configuration.
2022-09-24 13:01:34.874  INFO 12914 --- [    Test worker] .b.t.c.SpringBootTestContextBootstrapper : Found @SpringBootConfiguration com.fullcycle.admin.catalogo.infrastructure.Main for test class com.fullcycle.admin.catalogo.infrastructure.genre.GenreMySQLGatewayTest
2022-09-24 13:01:34.874  INFO 12914 --- [    Test worker] b.t.a.o.j.DataJpaTestContextBootstrapper : Loaded default TestExecutionListener class names from location [META-INF/spring.factories]: [org.springframework.boot.test.autoconfigure.restdocs.RestDocsTestExecutionListener, org.springframework.boot.test.autoconfigure.web.client.MockRestServiceServerResetTestExecutionListener, org.springframework.boot.test.autoconfigure.web.servlet.MockMvcPrintOnlyOnFailureTestExecutionListener, org.springframework.boot.test.autoconfigure.web.servlet.WebDriverTestExecutionListener, org.springframework.boot.test.autoconfigure.webservices.client.MockWebServiceServerTestExecutionListener, org.springframework.boot.test.mock.mockito.MockitoTestExecutionListener, org.springframework.boot.test.mock.mockito.ResetMocksTestExecutionListener, org.springframework.test.context.web.ServletTestExecutionListener, org.springframework.test.context.support.DirtiesContextBeforeModesTestExecutionListener, org.springframework.test.context.event.ApplicationEventsTestExecutionListener, org.springframework.test.context.support.DependencyInjectionTestExecutionListener, org.springframework.test.context.support.DirtiesContextTestExecutionListener, org.springframework.test.context.transaction.TransactionalTestExecutionListener, org.springframework.test.context.jdbc.SqlScriptsTestExecutionListener, org.springframework.test.context.event.EventPublishingTestExecutionListener]
2022-09-24 13:01:34.875  INFO 12914 --- [    Test worker] b.t.a.o.j.DataJpaTestContextBootstrapper : Using TestExecutionListeners: [org.springframework.test.context.web.ServletTestExecutionListener@29fccabd, org.springframework.test.context.support.DirtiesContextBeforeModesTestExecutionListener@2d7d92a7, org.springframework.test.context.event.ApplicationEventsTestExecutionListener@7ba92958, org.springframework.boot.test.mock.mockito.MockitoTestExecutionListener@7a1bcfb1, org.springframework.boot.test.autoconfigure.SpringBootDependencyInjectionTestExecutionListener@357d4b6d, org.springframework.test.context.support.DirtiesContextTestExecutionListener@74d41fcf, org.springframework.test.context.transaction.TransactionalTestExecutionListener@46050be4, org.springframework.test.context.jdbc.SqlScriptsTestExecutionListener@62c732d2, org.springframework.test.context.event.EventPublishingTestExecutionListener@3dbe3bc4, org.springframework.boot.test.autoconfigure.restdocs.RestDocsTestExecutionListener@69c071db, org.springframework.boot.test.autoconfigure.web.client.MockRestServiceServerResetTestExecutionListener@7740d2c, org.springframework.boot.test.autoconfigure.web.servlet.MockMvcPrintOnlyOnFailureTestExecutionListener@5c7eeeb2, org.springframework.boot.test.autoconfigure.web.servlet.WebDriverTestExecutionListener@10d28ee2, org.springframework.boot.test.autoconfigure.webservices.client.MockWebServiceServerTestExecutionListener@7af66b8a, org.springframework.boot.test.mock.mockito.ResetMocksTestExecutionListener@5dcc1495]
2022-09-24 13:01:34.881  INFO 12914 --- [    Test worker] o.s.t.c.transaction.TransactionContext   : Began transaction (1) for test context [DefaultTestContext@1355d2a0 testClass = GenreMySQLGatewayTest, testInstance = com.fullcycle.admin.catalogo.infrastructure.genre.GenreMySQLGatewayTest@bfab0dc, testMethod = testDependenciesInjected@GenreMySQLGatewayTest, testException = [null], mergedContextConfiguration = [MergedContextConfiguration@469c1292 testClass = GenreMySQLGatewayTest, locations = '{}', classes = '{class com.fullcycle.admin.catalogo.infrastructure.Main}', contextInitializerClasses = '[]', activeProfiles = '{test-integration}', propertySourceLocations = '{}', propertySourceProperties = '{org.springframework.boot.test.autoconfigure.orm.jpa.DataJpaTestContextBootstrapper=true}', contextCustomizers = set[org.springframework.boot.test.autoconfigure.OverrideAutoConfigurationContextCustomizerFactory$DisableAutoConfigurationContextCustomizer@2f940a24, org.springframework.boot.test.autoconfigure.actuate.metrics.MetricsExportContextCustomizerFactory$DisableMetricExportContextCustomizer@7f36662c, org.springframework.boot.test.autoconfigure.filter.TypeExcludeFiltersContextCustomizer@351584c0, org.springframework.boot.test.autoconfigure.properties.PropertyMappingContextCustomizer@b6842f59, org.springframework.boot.test.autoconfigure.web.servlet.WebDriverContextCustomizerFactory$Customizer@626c44e7, [ImportsContextCustomizer@18a6451f key = [org.springframework.boot.autoconfigure.cache.CacheAutoConfiguration, org.springframework.boot.autoconfigure.data.jpa.JpaRepositoriesAutoConfiguration, org.springframework.boot.autoconfigure.flyway.FlywayAutoConfiguration, org.springframework.boot.autoconfigure.jdbc.DataSourceAutoConfiguration, org.springframework.boot.autoconfigure.jdbc.DataSourceTransactionManagerAutoConfiguration, org.springframework.boot.autoconfigure.jdbc.JdbcTemplateAutoConfiguration, org.springframework.boot.autoconfigure.liquibase.LiquibaseAutoConfiguration, org.springframework.boot.autoconfigure.orm.jpa.HibernateJpaAutoConfiguration, org.springframework.boot.autoconfigure.sql.init.SqlInitializationAutoConfiguration, org.springframework.boot.autoconfigure.transaction.TransactionAutoConfiguration, org.springframework.boot.test.autoconfigure.jdbc.TestDatabaseAutoConfiguration, org.springframework.boot.test.autoconfigure.orm.jpa.TestEntityManagerAutoConfiguration]], org.springframework.boot.test.context.filter.ExcludeFilterContextCustomizer@3bcbb589, org.springframework.boot.test.json.DuplicateJsonObjectContextCustomizerFactory$DuplicateJsonObjectContextCustomizer@35d08e6c, org.springframework.boot.test.mock.mockito.MockitoContextCustomizer@0, org.springframework.boot.test.context.SpringBootTestArgs@1, org.springframework.boot.test.context.SpringBootTestWebEnvironment@0], contextLoader = 'org.springframework.boot.test.context.SpringBootContextLoader', parent = [null]], attributes = map['org.springframework.test.context.event.ApplicationEventsTestExecutionListener.recordApplicationEvents' -> false]]; transaction manager [org.springframework.orm.jpa.JpaTransactionManager@26309e6f]; rollback [true]
Hibernate: select genrejpaen0_.id as id1_1_, genrejpaen0_.active as active2_1_, genrejpaen0_.created_at as created_3_1_, genrejpaen0_.deleted_at as deleted_4_1_, genrejpaen0_.name as name5_1_, genrejpaen0_.updated_at as updated_6_1_ from genres genrejpaen0_
Hibernate: select categoryjp0_.id as id1_0_, categoryjp0_.active as active2_0_, categoryjp0_.created_at as created_3_0_, categoryjp0_.deleted_at as deleted_4_0_, categoryjp0_.description as descript5_0_, categoryjp0_.name as name6_0_, categoryjp0_.updated_at as updated_7_0_ from category categoryjp0_
2022-09-24 13:01:34.886  INFO 12914 --- [    Test worker] o.s.t.c.transaction.TransactionContext   : Rolled back transaction for test: [DefaultTestContext@1355d2a0 testClass = GenreMySQLGatewayTest, testInstance = com.fullcycle.admin.catalogo.infrastructure.genre.GenreMySQLGatewayTest@bfab0dc, testMethod = testDependenciesInjected@GenreMySQLGatewayTest, testException = [null], mergedContextConfiguration = [MergedContextConfiguration@469c1292 testClass = GenreMySQLGatewayTest, locations = '{}', classes = '{class com.fullcycle.admin.catalogo.infrastructure.Main}', contextInitializerClasses = '[]', activeProfiles = '{test-integration}', propertySourceLocations = '{}', propertySourceProperties = '{org.springframework.boot.test.autoconfigure.orm.jpa.DataJpaTestContextBootstrapper=true}', contextCustomizers = set[org.springframework.boot.test.autoconfigure.OverrideAutoConfigurationContextCustomizerFactory$DisableAutoConfigurationContextCustomizer@2f940a24, org.springframework.boot.test.autoconfigure.actuate.metrics.MetricsExportContextCustomizerFactory$DisableMetricExportContextCustomizer@7f36662c, org.springframework.boot.test.autoconfigure.filter.TypeExcludeFiltersContextCustomizer@351584c0, org.springframework.boot.test.autoconfigure.properties.PropertyMappingContextCustomizer@b6842f59, org.springframework.boot.test.autoconfigure.web.servlet.WebDriverContextCustomizerFactory$Customizer@626c44e7, [ImportsContextCustomizer@18a6451f key = [org.springframework.boot.autoconfigure.cache.CacheAutoConfiguration, org.springframework.boot.autoconfigure.data.jpa.JpaRepositoriesAutoConfiguration, org.springframework.boot.autoconfigure.flyway.FlywayAutoConfiguration, org.springframework.boot.autoconfigure.jdbc.DataSourceAutoConfiguration, org.springframework.boot.autoconfigure.jdbc.DataSourceTransactionManagerAutoConfiguration, org.springframework.boot.autoconfigure.jdbc.JdbcTemplateAutoConfiguration, org.springframework.boot.autoconfigure.liquibase.LiquibaseAutoConfiguration, org.springframework.boot.autoconfigure.orm.jpa.HibernateJpaAutoConfiguration, org.springframework.boot.autoconfigure.sql.init.SqlInitializationAutoConfiguration, org.springframework.boot.autoconfigure.transaction.TransactionAutoConfiguration, org.springframework.boot.test.autoconfigure.jdbc.TestDatabaseAutoConfiguration, org.springframework.boot.test.autoconfigure.orm.jpa.TestEntityManagerAutoConfiguration]], org.springframework.boot.test.context.filter.ExcludeFilterContextCustomizer@3bcbb589, org.springframework.boot.test.json.DuplicateJsonObjectContextCustomizerFactory$DuplicateJsonObjectContextCustomizer@35d08e6c, org.springframework.boot.test.mock.mockito.MockitoContextCustomizer@0, org.springframework.boot.test.context.SpringBootTestArgs@1, org.springframework.boot.test.context.SpringBootTestWebEnvironment@0], contextLoader = 'org.springframework.boot.test.context.SpringBootContextLoader', parent = [null]], attributes = map['org.springframework.test.context.event.ApplicationEventsTestExecutionListener.recordApplicationEvents' -> false]]
2022-09-24 13:01:34.888  INFO 12914 --- [    Test worker] o.s.t.c.transaction.TransactionContext   : Began transaction (1) for test context [DefaultTestContext@1355d2a0 testClass = GenreMySQLGatewayTest, testInstance = com.fullcycle.admin.catalogo.infrastructure.genre.GenreMySQLGatewayTest@3330bdd1, testMethod = givenAValidGenre_whenCallsCreateGenre_shouldPersistGenre@GenreMySQLGatewayTest, testException = [null], mergedContextConfiguration = [MergedContextConfiguration@469c1292 testClass = GenreMySQLGatewayTest, locations = '{}', classes = '{class com.fullcycle.admin.catalogo.infrastructure.Main}', contextInitializerClasses = '[]', activeProfiles = '{test-integration}', propertySourceLocations = '{}', propertySourceProperties = '{org.springframework.boot.test.autoconfigure.orm.jpa.DataJpaTestContextBootstrapper=true}', contextCustomizers = set[org.springframework.boot.test.autoconfigure.OverrideAutoConfigurationContextCustomizerFactory$DisableAutoConfigurationContextCustomizer@2f940a24, org.springframework.boot.test.autoconfigure.actuate.metrics.MetricsExportContextCustomizerFactory$DisableMetricExportContextCustomizer@7f36662c, org.springframework.boot.test.autoconfigure.filter.TypeExcludeFiltersContextCustomizer@351584c0, org.springframework.boot.test.autoconfigure.properties.PropertyMappingContextCustomizer@b6842f59, org.springframework.boot.test.autoconfigure.web.servlet.WebDriverContextCustomizerFactory$Customizer@626c44e7, [ImportsContextCustomizer@18a6451f key = [org.springframework.boot.autoconfigure.cache.CacheAutoConfiguration, org.springframework.boot.autoconfigure.data.jpa.JpaRepositoriesAutoConfiguration, org.springframework.boot.autoconfigure.flyway.FlywayAutoConfiguration, org.springframework.boot.autoconfigure.jdbc.DataSourceAutoConfiguration, org.springframework.boot.autoconfigure.jdbc.DataSourceTransactionManagerAutoConfiguration, org.springframework.boot.autoconfigure.jdbc.JdbcTemplateAutoConfiguration, org.springframework.boot.autoconfigure.liquibase.LiquibaseAutoConfiguration, org.springframework.boot.autoconfigure.orm.jpa.HibernateJpaAutoConfiguration, org.springframework.boot.autoconfigure.sql.init.SqlInitializationAutoConfiguration, org.springframework.boot.autoconfigure.transaction.TransactionAutoConfiguration, org.springframework.boot.test.autoconfigure.jdbc.TestDatabaseAutoConfiguration, org.springframework.boot.test.autoconfigure.orm.jpa.TestEntityManagerAutoConfiguration]], org.springframework.boot.test.context.filter.ExcludeFilterContextCustomizer@3bcbb589, org.springframework.boot.test.json.DuplicateJsonObjectContextCustomizerFactory$DuplicateJsonObjectContextCustomizer@35d08e6c, org.springframework.boot.test.mock.mockito.MockitoContextCustomizer@0, org.springframework.boot.test.context.SpringBootTestArgs@1, org.springframework.boot.test.context.SpringBootTestWebEnvironment@0], contextLoader = 'org.springframework.boot.test.context.SpringBootContextLoader', parent = [null]], attributes = map['org.springframework.test.context.event.ApplicationEventsTestExecutionListener.recordApplicationEvents' -> false]]; transaction manager [org.springframework.orm.jpa.JpaTransactionManager@26309e6f]; rollback [true]
Hibernate: select genrejpaen0_.id as id1_1_, genrejpaen0_.active as active2_1_, genrejpaen0_.created_at as created_3_1_, genrejpaen0_.deleted_at as deleted_4_1_, genrejpaen0_.name as name5_1_, genrejpaen0_.updated_at as updated_6_1_ from genres genrejpaen0_
Hibernate: select categoryjp0_.id as id1_0_, categoryjp0_.active as active2_0_, categoryjp0_.created_at as created_3_0_, categoryjp0_.deleted_at as deleted_4_0_, categoryjp0_.description as descript5_0_, categoryjp0_.name as name6_0_, categoryjp0_.updated_at as updated_7_0_ from category categoryjp0_
Hibernate: select categoryjp0_.id as id1_0_0_, categoryjp0_.active as active2_0_0_, categoryjp0_.created_at as created_3_0_0_, categoryjp0_.deleted_at as deleted_4_0_0_, categoryjp0_.description as descript5_0_0_, categoryjp0_.name as name6_0_0_, categoryjp0_.updated_at as updated_7_0_0_ from category categoryjp0_ where categoryjp0_.id=?
Hibernate: select count(*) as col_0_0_ from genres genrejpaen0_
Hibernate: select genrejpaen0_.id as id1_1_1_, genrejpaen0_.active as active2_1_1_, genrejpaen0_.created_at as created_3_1_1_, genrejpaen0_.deleted_at as deleted_4_1_1_, genrejpaen0_.name as name5_1_1_, genrejpaen0_.updated_at as updated_6_1_1_, categories1_.genre_id as genre_id2_2_3_, categories1_.category_id as category1_2_3_, categories1_.category_id as category1_2_0_, categories1_.genre_id as genre_id2_2_0_ from genres genrejpaen0_ left outer join genres_categories categories1_ on genrejpaen0_.id=categories1_.genre_id where genrejpaen0_.id=?
Hibernate: select genrecateg0_.category_id as category1_2_0_, genrecateg0_.genre_id as genre_id2_2_0_ from genres_categories genrecateg0_ where genrecateg0_.category_id=? and genrecateg0_.genre_id=?
Hibernate: insert into category (active, created_at, deleted_at, description, name, updated_at, id) values (?, ?, ?, ?, ?, ?, ?)
Hibernate: insert into genres (active, created_at, deleted_at, name, updated_at, id) values (?, ?, ?, ?, ?, ?)
Hibernate: insert into genres_categories (category_id, genre_id) values (?, ?)
Hibernate: select count(*) as col_0_0_ from genres genrejpaen0_
2022-09-24 13:01:34.921  INFO 12914 --- [    Test worker] o.s.t.c.transaction.TransactionContext   : Rolled back transaction for test: [DefaultTestContext@1355d2a0 testClass = GenreMySQLGatewayTest, testInstance = com.fullcycle.admin.catalogo.infrastructure.genre.GenreMySQLGatewayTest@3330bdd1, testMethod = givenAValidGenre_whenCallsCreateGenre_shouldPersistGenre@GenreMySQLGatewayTest, testException = [null], mergedContextConfiguration = [MergedContextConfiguration@469c1292 testClass = GenreMySQLGatewayTest, locations = '{}', classes = '{class com.fullcycle.admin.catalogo.infrastructure.Main}', contextInitializerClasses = '[]', activeProfiles = '{test-integration}', propertySourceLocations = '{}', propertySourceProperties = '{org.springframework.boot.test.autoconfigure.orm.jpa.DataJpaTestContextBootstrapper=true}', contextCustomizers = set[org.springframework.boot.test.autoconfigure.OverrideAutoConfigurationContextCustomizerFactory$DisableAutoConfigurationContextCustomizer@2f940a24, org.springframework.boot.test.autoconfigure.actuate.metrics.MetricsExportContextCustomizerFactory$DisableMetricExportContextCustomizer@7f36662c, org.springframework.boot.test.autoconfigure.filter.TypeExcludeFiltersContextCustomizer@351584c0, org.springframework.boot.test.autoconfigure.properties.PropertyMappingContextCustomizer@b6842f59, org.springframework.boot.test.autoconfigure.web.servlet.WebDriverContextCustomizerFactory$Customizer@626c44e7, [ImportsContextCustomizer@18a6451f key = [org.springframework.boot.autoconfigure.cache.CacheAutoConfiguration, org.springframework.boot.autoconfigure.data.jpa.JpaRepositoriesAutoConfiguration, org.springframework.boot.autoconfigure.flyway.FlywayAutoConfiguration, org.springframework.boot.autoconfigure.jdbc.DataSourceAutoConfiguration, org.springframework.boot.autoconfigure.jdbc.DataSourceTransactionManagerAutoConfiguration, org.springframework.boot.autoconfigure.jdbc.JdbcTemplateAutoConfiguration, org.springframework.boot.autoconfigure.liquibase.LiquibaseAutoConfiguration, org.springframework.boot.autoconfigure.orm.jpa.HibernateJpaAutoConfiguration, org.springframework.boot.autoconfigure.sql.init.SqlInitializationAutoConfiguration, org.springframework.boot.autoconfigure.transaction.TransactionAutoConfiguration, org.springframework.boot.test.autoconfigure.jdbc.TestDatabaseAutoConfiguration, org.springframework.boot.test.autoconfigure.orm.jpa.TestEntityManagerAutoConfiguration]], org.springframework.boot.test.context.filter.ExcludeFilterContextCustomizer@3bcbb589, org.springframework.boot.test.json.DuplicateJsonObjectContextCustomizerFactory$DuplicateJsonObjectContextCustomizer@35d08e6c, org.springframework.boot.test.mock.mockito.MockitoContextCustomizer@0, org.springframework.boot.test.context.SpringBootTestArgs@1, org.springframework.boot.test.context.SpringBootTestWebEnvironment@0], contextLoader = 'org.springframework.boot.test.context.SpringBootContextLoader', parent = [null]], attributes = map['org.springframework.test.context.event.ApplicationEventsTestExecutionListener.recordApplicationEvents' -> false]]
2022-09-24 13:01:34.922  INFO 12914 --- [    Test worker] o.s.t.c.transaction.TransactionContext   : Began transaction (1) for test context [DefaultTestContext@1355d2a0 testClass = GenreMySQLGatewayTest, testInstance = com.fullcycle.admin.catalogo.infrastructure.genre.GenreMySQLGatewayTest@1b438ec, testMethod = givenAValidGenreWhitoutCategories_whenCallsCreateGenre_shouldPersistGenre@GenreMySQLGatewayTest, testException = [null], mergedContextConfiguration = [MergedContextConfiguration@469c1292 testClass = GenreMySQLGatewayTest, locations = '{}', classes = '{class com.fullcycle.admin.catalogo.infrastructure.Main}', contextInitializerClasses = '[]', activeProfiles = '{test-integration}', propertySourceLocations = '{}', propertySourceProperties = '{org.springframework.boot.test.autoconfigure.orm.jpa.DataJpaTestContextBootstrapper=true}', contextCustomizers = set[org.springframework.boot.test.autoconfigure.OverrideAutoConfigurationContextCustomizerFactory$DisableAutoConfigurationContextCustomizer@2f940a24, org.springframework.boot.test.autoconfigure.actuate.metrics.MetricsExportContextCustomizerFactory$DisableMetricExportContextCustomizer@7f36662c, org.springframework.boot.test.autoconfigure.filter.TypeExcludeFiltersContextCustomizer@351584c0, org.springframework.boot.test.autoconfigure.properties.PropertyMappingContextCustomizer@b6842f59, org.springframework.boot.test.autoconfigure.web.servlet.WebDriverContextCustomizerFactory$Customizer@626c44e7, [ImportsContextCustomizer@18a6451f key = [org.springframework.boot.autoconfigure.cache.CacheAutoConfiguration, org.springframework.boot.autoconfigure.data.jpa.JpaRepositoriesAutoConfiguration, org.springframework.boot.autoconfigure.flyway.FlywayAutoConfiguration, org.springframework.boot.autoconfigure.jdbc.DataSourceAutoConfiguration, org.springframework.boot.autoconfigure.jdbc.DataSourceTransactionManagerAutoConfiguration, org.springframework.boot.autoconfigure.jdbc.JdbcTemplateAutoConfiguration, org.springframework.boot.autoconfigure.liquibase.LiquibaseAutoConfiguration, org.springframework.boot.autoconfigure.orm.jpa.HibernateJpaAutoConfiguration, org.springframework.boot.autoconfigure.sql.init.SqlInitializationAutoConfiguration, org.springframework.boot.autoconfigure.transaction.TransactionAutoConfiguration, org.springframework.boot.test.autoconfigure.jdbc.TestDatabaseAutoConfiguration, org.springframework.boot.test.autoconfigure.orm.jpa.TestEntityManagerAutoConfiguration]], org.springframework.boot.test.context.filter.ExcludeFilterContextCustomizer@3bcbb589, org.springframework.boot.test.json.DuplicateJsonObjectContextCustomizerFactory$DuplicateJsonObjectContextCustomizer@35d08e6c, org.springframework.boot.test.mock.mockito.MockitoContextCustomizer@0, org.springframework.boot.test.context.SpringBootTestArgs@1, org.springframework.boot.test.context.SpringBootTestWebEnvironment@0], contextLoader = 'org.springframework.boot.test.context.SpringBootContextLoader', parent = [null]], attributes = map['org.springframework.test.context.event.ApplicationEventsTestExecutionListener.recordApplicationEvents' -> false]]; transaction manager [org.springframework.orm.jpa.JpaTransactionManager@26309e6f]; rollback [true]
Hibernate: select genrejpaen0_.id as id1_1_, genrejpaen0_.active as active2_1_, genrejpaen0_.created_at as created_3_1_, genrejpaen0_.deleted_at as deleted_4_1_, genrejpaen0_.name as name5_1_, genrejpaen0_.updated_at as updated_6_1_ from genres genrejpaen0_
Hibernate: select categoryjp0_.id as id1_0_, categoryjp0_.active as active2_0_, categoryjp0_.created_at as created_3_0_, categoryjp0_.deleted_at as deleted_4_0_, categoryjp0_.description as descript5_0_, categoryjp0_.name as name6_0_, categoryjp0_.updated_at as updated_7_0_ from category categoryjp0_
Hibernate: select count(*) as col_0_0_ from genres genrejpaen0_
Hibernate: select genrejpaen0_.id as id1_1_1_, genrejpaen0_.active as active2_1_1_, genrejpaen0_.created_at as created_3_1_1_, genrejpaen0_.deleted_at as deleted_4_1_1_, genrejpaen0_.name as name5_1_1_, genrejpaen0_.updated_at as updated_6_1_1_, categories1_.genre_id as genre_id2_2_3_, categories1_.category_id as category1_2_3_, categories1_.category_id as category1_2_0_, categories1_.genre_id as genre_id2_2_0_ from genres genrejpaen0_ left outer join genres_categories categories1_ on genrejpaen0_.id=categories1_.genre_id where genrejpaen0_.id=?
Hibernate: insert into genres (active, created_at, deleted_at, name, updated_at, id) values (?, ?, ?, ?, ?, ?)
Hibernate: select count(*) as col_0_0_ from genres genrejpaen0_
2022-09-24 13:01:34.930  INFO 12914 --- [    Test worker] o.s.t.c.transaction.TransactionContext   : Rolled back transaction for test: [DefaultTestContext@1355d2a0 testClass = GenreMySQLGatewayTest, testInstance = com.fullcycle.admin.catalogo.infrastructure.genre.GenreMySQLGatewayTest@1b438ec, testMethod = givenAValidGenreWhitoutCategories_whenCallsCreateGenre_shouldPersistGenre@GenreMySQLGatewayTest, testException = [null], mergedContextConfiguration = [MergedContextConfiguration@469c1292 testClass = GenreMySQLGatewayTest, locations = '{}', classes = '{class com.fullcycle.admin.catalogo.infrastructure.Main}', contextInitializerClasses = '[]', activeProfiles = '{test-integration}', propertySourceLocations = '{}', propertySourceProperties = '{org.springframework.boot.test.autoconfigure.orm.jpa.DataJpaTestContextBootstrapper=true}', contextCustomizers = set[org.springframework.boot.test.autoconfigure.OverrideAutoConfigurationContextCustomizerFactory$DisableAutoConfigurationContextCustomizer@2f940a24, org.springframework.boot.test.autoconfigure.actuate.metrics.MetricsExportContextCustomizerFactory$DisableMetricExportContextCustomizer@7f36662c, org.springframework.boot.test.autoconfigure.filter.TypeExcludeFiltersContextCustomizer@351584c0, org.springframework.boot.test.autoconfigure.properties.PropertyMappingContextCustomizer@b6842f59, org.springframework.boot.test.autoconfigure.web.servlet.WebDriverContextCustomizerFactory$Customizer@626c44e7, [ImportsContextCustomizer@18a6451f key = [org.springframework.boot.autoconfigure.cache.CacheAutoConfiguration, org.springframework.boot.autoconfigure.data.jpa.JpaRepositoriesAutoConfiguration, org.springframework.boot.autoconfigure.flyway.FlywayAutoConfiguration, org.springframework.boot.autoconfigure.jdbc.DataSourceAutoConfiguration, org.springframework.boot.autoconfigure.jdbc.DataSourceTransactionManagerAutoConfiguration, org.springframework.boot.autoconfigure.jdbc.JdbcTemplateAutoConfiguration, org.springframework.boot.autoconfigure.liquibase.LiquibaseAutoConfiguration, org.springframework.boot.autoconfigure.orm.jpa.HibernateJpaAutoConfiguration, org.springframework.boot.autoconfigure.sql.init.SqlInitializationAutoConfiguration, org.springframework.boot.autoconfigure.transaction.TransactionAutoConfiguration, org.springframework.boot.test.autoconfigure.jdbc.TestDatabaseAutoConfiguration, org.springframework.boot.test.autoconfigure.orm.jpa.TestEntityManagerAutoConfiguration]], org.springframework.boot.test.context.filter.ExcludeFilterContextCustomizer@3bcbb589, org.springframework.boot.test.json.DuplicateJsonObjectContextCustomizerFactory$DuplicateJsonObjectContextCustomizer@35d08e6c, org.springframework.boot.test.mock.mockito.MockitoContextCustomizer@0, org.springframework.boot.test.context.SpringBootTestArgs@1, org.springframework.boot.test.context.SpringBootTestWebEnvironment@0], contextLoader = 'org.springframework.boot.test.context.SpringBootContextLoader', parent = [null]], attributes = map['org.springframework.test.context.event.ApplicationEventsTestExecutionListener.recordApplicationEvents' -> false]]
]]></system-out>
  <system-err><![CDATA[]]></system-err>
</testsuite>
