<?xml version="1.0" encoding="UTF-8"?>
<testsuite name="com.fullcycle.admin.catalogo.application.category.delete.DeleteCategoryUseCaseTest" tests="3" skipped="0" failures="0" errors="0" timestamp="2022-09-24T16:01:06" hostname="DESKTOP-TC6IA7B" time="0.01">
  <properties/>
  <testcase name="givenAValidId_whenCallsDeleteCategory_shouldBeOk()" classname="com.fullcycle.admin.catalogo.application.category.delete.DeleteCategoryUseCaseTest" time="0.005"/>
  <testcase name="givenAInvalidId_whenCallsDeleteCategory_shouldBeOk()" classname="com.fullcycle.admin.catalogo.application.category.delete.DeleteCategoryUseCaseTest" time="0.002"/>
  <testcase name="givenAValidId_whenGatewayThrowsException_shouldReturnException()" classname="com.fullcycle.admin.catalogo.application.category.delete.DeleteCategoryUseCaseTest" time="0.001"/>
  <system-out><![CDATA[]]></system-out>
  <system-err><![CDATA[]]></system-err>
</testsuite>
