<?xml version="1.0" encoding="UTF-8"?>
<testsuite name="com.fullcycle.admin.catalogo.application.genre.delete.DeleteGenreUseCaseTest" tests="3" skipped="0" failures="0" errors="0" timestamp="2022-09-24T16:01:06" hostname="DESKTOP-TC6IA7B" time="0.005">
  <properties/>
  <testcase name="givenAValidGenreId_whenCallsDeleteGenre_shouldDeleteGenre()" classname="com.fullcycle.admin.catalogo.application.genre.delete.DeleteGenreUseCaseTest" time="0.002"/>
  <testcase name="givenAValidGenreId_whenCallsDeleteGenre_shouldBeOk()" classname="com.fullcycle.admin.catalogo.application.genre.delete.DeleteGenreUseCaseTest" time="0.002"/>
  <testcase name="givenAValidGenreId_whenCallsDeleteGenreAndGatewayThrowsUnexpectedError_shouldReceiveException()" classname="com.fullcycle.admin.catalogo.application.genre.delete.DeleteGenreUseCaseTest" time="0.001"/>
  <system-out><![CDATA[]]></system-out>
  <system-err><![CDATA[]]></system-err>
</testsuite>
