<?xml version="1.0" encoding="UTF-8"?>
<testsuite name="com.fullcycle.admin.catalogo.application.genre.update.UpdateGenreUseCaseTest" tests="4" skipped="0" failures="0" errors="0" timestamp="2022-09-24T16:01:06" hostname="DESKTOP-TC6IA7B" time="0.035">
  <properties/>
  <testcase name="givenAValidCommandWithCategories_whenCallsUpdateGenre_shouldReturnGenreId()" classname="com.fullcycle.admin.catalogo.application.genre.update.UpdateGenreUseCaseTest" time="0.009"/>
  <testcase name="givenAValidCommandWithInactiveGenre_whenCallsUpdateGenre_shouldReturnGenreId()" classname="com.fullcycle.admin.catalogo.application.genre.update.UpdateGenreUseCaseTest" time="0.014"/>
  <testcase name="givenAValidCommand_whenCallsUpdateGenre_shouldReturnGenreId()" classname="com.fullcycle.admin.catalogo.application.genre.update.UpdateGenreUseCaseTest" time="0.003"/>
  <testcase name="givenAnInvalidName_whenCallsUpdateGenreAndSomeCategoriesDoesNotExists_shouldReturnNotificationException()" classname="com.fullcycle.admin.catalogo.application.genre.update.UpdateGenreUseCaseTest" time="0.004"/>
  <system-out><![CDATA[]]></system-out>
  <system-err><![CDATA[]]></system-err>
</testsuite>
