<?xml version="1.0" encoding="UTF-8"?>
<testsuite name="com.fullcycle.admin.catalogo.application.category.retrieve.get.GetCategoryByIdUseCaseTest" tests="3" skipped="0" failures="0" errors="0" timestamp="2022-09-24T16:01:06" hostname="DESKTOP-TC6IA7B" time="0.008">
  <properties/>
  <testcase name="givenAValidId_whenCallsGetCategory_shouldReturnCategory()" classname="com.fullcycle.admin.catalogo.application.category.retrieve.get.GetCategoryByIdUseCaseTest" time="0.003"/>
  <testcase name="givenAValidId_whenGatewayThrowsException_shouldReturnException()" classname="com.fullcycle.admin.catalogo.application.category.retrieve.get.GetCategoryByIdUseCaseTest" time="0.002"/>
  <testcase name="givenAInvalidId_whenCallsGetCategory_shouldReturnNotFound()" classname="com.fullcycle.admin.catalogo.application.category.retrieve.get.GetCategoryByIdUseCaseTest" time="0.002"/>
  <system-out><![CDATA[]]></system-out>
  <system-err><![CDATA[]]></system-err>
</testsuite>
