<?xml version="1.0" encoding="UTF-8"?>
<testsuite name="com.fullcycle.admin.catalogo.application.genre.retrieve.get.GetGenreByIdUseCaseTest" tests="2" skipped="0" failures="0" errors="0" timestamp="2022-09-24T16:01:06" hostname="DESKTOP-TC6IA7B" time="0.012">
  <properties/>
  <testcase name="givenAValidId_whenCallsGetGenre_shouldReturnGenre()" classname="com.fullcycle.admin.catalogo.application.genre.retrieve.get.GetGenreByIdUseCaseTest" time="0.003"/>
  <testcase name="givenAValidId_whenCallsGetGenreAndDoesNotExists_shouldReturnNotFound()" classname="com.fullcycle.admin.catalogo.application.genre.retrieve.get.GetGenreByIdUseCaseTest" time="0.001"/>
  <system-out><![CDATA[]]></system-out>
  <system-err><![CDATA[]]></system-err>
</testsuite>
