<?xml version="1.0" encoding="UTF-8"?>
<testsuite name="com.fullcycle.admin.catalogo.application.category.update.UpdateCategoryUseCaseTest" tests="5" skipped="0" failures="0" errors="0" timestamp="2022-09-24T16:01:06" hostname="DESKTOP-TC6IA7B" time="0.016">
  <properties/>
  <testcase name="givenAValidCommand_whenGatewayThrowsRandomException_shouldReturnAnException()" classname="com.fullcycle.admin.catalogo.application.category.update.UpdateCategoryUseCaseTest" time="0.003"/>
  <testcase name="givenACommandWithInvalidID_whenCallsUpdateCategory_shouldReturnNotFoundException()" classname="com.fullcycle.admin.catalogo.application.category.update.UpdateCategoryUseCaseTest" time="0.003"/>
  <testcase name="givenAValidCommand_whenCallsUpdateCategory_shouldReturnCategoryId()" classname="com.fullcycle.admin.catalogo.application.category.update.UpdateCategoryUseCaseTest" time="0.003"/>
  <testcase name="givenAValidInactivateCommand_whenCallsUpdateCategory_shouldReturnInactivateCategoryId()" classname="com.fullcycle.admin.catalogo.application.category.update.UpdateCategoryUseCaseTest" time="0.002"/>
  <testcase name="givenAInvalidName_whenCallsUpdateCategory_thenShouldReturnDomainException()" classname="com.fullcycle.admin.catalogo.application.category.update.UpdateCategoryUseCaseTest" time="0.001"/>
  <system-out><![CDATA[]]></system-out>
  <system-err><![CDATA[]]></system-err>
</testsuite>
