<?xml version="1.0" encoding="UTF-8"?>
<testsuite name="com.fullcycle.admin.catalogo.application.category.retrieve.list.ListCategoriesUseCaseTest" tests="3" skipped="0" failures="0" errors="0" timestamp="2022-09-24T16:01:06" hostname="DESKTOP-TC6IA7B" time="0.023">
  <properties/>
  <testcase name="givenAValidQuery_whenCallsListCategory_thenShouldReturnCategories()" classname="com.fullcycle.admin.catalogo.application.category.retrieve.list.ListCategoriesUseCaseTest" time="0.019"/>
  <testcase name="givenAValidQuery_whenHasNoResults_thenSouldReturnEmptyCategories()" classname="com.fullcycle.admin.catalogo.application.category.retrieve.list.ListCategoriesUseCaseTest" time="0.001"/>
  <testcase name="givenAValidQuery_whenGatewayThrowsException_shouldReturnException()" classname="com.fullcycle.admin.catalogo.application.category.retrieve.list.ListCategoriesUseCaseTest" time="0.001"/>
  <system-out><![CDATA[]]></system-out>
  <system-err><![CDATA[]]></system-err>
</testsuite>
