<?xml version="1.0" encoding="UTF-8"?>
<testsuite name="com.fullcycle.admin.catalogo.domain.genre.GenreTest" tests="18" skipped="0" failures="0" errors="0" timestamp="2022-09-24T16:01:07" hostname="DESKTOP-TC6IA7B" time="0.02">
  <properties/>
  <testcase name="givenAValidEmptyCategoriesGenre_whenCallAddCategoriesWithEmptyList_shouldReceiveOK()" classname="com.fullcycle.admin.catalogo.domain.genre.GenreTest" time="0.001"/>
  <testcase name="givenAnInvalidNullAsCategoryId_whenCallRemoveCategory_shouldReceiveOK()" classname="com.fullcycle.admin.catalogo.domain.genre.GenreTest" time="0.0"/>
  <testcase name="givenAValidEmptyCategoriesGenre_whenCallAddCategory_shouldReceiveOK()" classname="com.fullcycle.admin.catalogo.domain.genre.GenreTest" time="0.001"/>
  <testcase name="givenAValidEmptyCategoriesGenre_whenCallAddCategories_shouldReceiveOK()" classname="com.fullcycle.admin.catalogo.domain.genre.GenreTest" time="0.0"/>
  <testcase name="givenAValidGenre_whenCallUpdateWithNullName_shouldReceiveNotificationException()" classname="com.fullcycle.admin.catalogo.domain.genre.GenreTest" time="0.001"/>
  <testcase name="givenAnInactiveGenre_whenCallActivate_shouldReceiveOK()" classname="com.fullcycle.admin.catalogo.domain.genre.GenreTest" time="0.0"/>
  <testcase name="givenInvalidEmptyName_whenCallNewGenreAndValidate_shouldReceiveAError()" classname="com.fullcycle.admin.catalogo.domain.genre.GenreTest" time="0.0"/>
  <testcase name="givenAnInvalidNullAsCategoryID_whenCallAddCategory_shouldReceiveOK()" classname="com.fullcycle.admin.catalogo.domain.genre.GenreTest" time="0.001"/>
  <testcase name="givenAValidGenreWithTwoCategories_whenCallRemoveCategory_shouldReceiveOK()" classname="com.fullcycle.admin.catalogo.domain.genre.GenreTest" time="0.0"/>
  <testcase name="givenAValidGenre_whenCallUpdateWithNullCategories_shouldReceiveOK()" classname="com.fullcycle.admin.catalogo.domain.genre.GenreTest" time="0.001"/>
  <testcase name="givenValidParams_whenCallNewGenre_shouldInstantiateAGenre()" classname="com.fullcycle.admin.catalogo.domain.genre.GenreTest" time="0.001"/>
  <testcase name="givenAValidActiveGenre_whenCallUpdateWithInactivate_shouldReceiveGenreUpdated()" classname="com.fullcycle.admin.catalogo.domain.genre.GenreTest" time="0.0"/>
  <testcase name="givenAnActiveGenre_whenCallDeactivate_shouldReceiveOK()" classname="com.fullcycle.admin.catalogo.domain.genre.GenreTest" time="0.0"/>
  <testcase name="givenAValidGenre_whenCallUpdateWithEmptyName_shouldReceiveNotificationException()" classname="com.fullcycle.admin.catalogo.domain.genre.GenreTest" time="0.001"/>
  <testcase name="givenAValidEmptyCategoriesGenre_whenCallAddCategoriesWithNullList_shouldReceiveOK()" classname="com.fullcycle.admin.catalogo.domain.genre.GenreTest" time="0.0"/>
  <testcase name="givenInvalidNullName_whenCallNewGenreAndValidate_shouldReceiveAError()" classname="com.fullcycle.admin.catalogo.domain.genre.GenreTest" time="0.001"/>
  <testcase name="givenAValidInactiveGenre_whenCallUpdateWithActive_shouldReceiveGenreUpdated()" classname="com.fullcycle.admin.catalogo.domain.genre.GenreTest" time="0.0"/>
  <testcase name="givenInvalidNameWithLengthGreaterThan255_whenCallNewGenreAndValidate_shouldReceiveAError()" classname="com.fullcycle.admin.catalogo.domain.genre.GenreTest" time="0.0"/>
  <system-out><![CDATA[]]></system-out>
  <system-err><![CDATA[]]></system-err>
</testsuite>
