<?xml version="1.0" encoding="UTF-8"?>
<testsuite name="com.fullcycle.admin.catalogo.domain.category.CategoryTest" tests="12" skipped="0" failures="0" errors="0" timestamp="2022-09-24T16:01:07" hostname="DESKTOP-TC6IA7B" time="0.036">
  <properties/>
  <testcase name="givenAnInvalidEmptyName_whenCallNewCategoryAndValidate_thenShouldReceiveError()" classname="com.fullcycle.admin.catalogo.domain.category.CategoryTest" time="0.015"/>
  <testcase name="givenAValidActiveCategory_whenCallDeactivate_thenReturnCategoryInactivated()" classname="com.fullcycle.admin.catalogo.domain.category.CategoryTest" time="0.001"/>
  <testcase name="givenAnInvalidNameLengthMoreThen255_whenCallNewCategoryAndValidate_thenShouldReceiveError()" classname="com.fullcycle.admin.catalogo.domain.category.CategoryTest" time="0.001"/>
  <testcase name="givenAValidCategory_whenCallUpdate_thenReturnUpdated()" classname="com.fullcycle.admin.catalogo.domain.category.CategoryTest" time="0.002"/>
  <testcase name="givenAValidCategory_whenCallUpdateWithInvalidParams_thenReturnCategoryUpdated()" classname="com.fullcycle.admin.catalogo.domain.category.CategoryTest" time="0.001"/>
  <testcase name="givenAValidParams_whenCallNewCategory_thenInstantiateACategory()" classname="com.fullcycle.admin.catalogo.domain.category.CategoryTest" time="0.001"/>
  <testcase name="givenAnValidInactiveCategory_whenCallActivate_thenReturnCategoryActivated()" classname="com.fullcycle.admin.catalogo.domain.category.CategoryTest" time="0.001"/>
  <testcase name="givenAValidCategory_whenCallUpdateToInactive_thenReturnCategoryUpdated()" classname="com.fullcycle.admin.catalogo.domain.category.CategoryTest" time="0.002"/>
  <testcase name="givenAValidEmptyDescription_whenCallNewCategoryAndValidate()" classname="com.fullcycle.admin.catalogo.domain.category.CategoryTest" time="0.001"/>
  <testcase name="givenAnInvalidNullName_whenCallNewCategoryAndValidate_thenShouldReceiveError()" classname="com.fullcycle.admin.catalogo.domain.category.CategoryTest" time="0.001"/>
  <testcase name="givenAnInvalidNameLengthLessThen3_whenCallNewCategoryAndValidate_thenShouldReceiveError()" classname="com.fullcycle.admin.catalogo.domain.category.CategoryTest" time="0.001"/>
  <testcase name="givenAValidFalseIsActive_whenCallNewCategoryAndValidate()" classname="com.fullcycle.admin.catalogo.domain.category.CategoryTest" time="0.0"/>
  <system-out><![CDATA[]]></system-out>
  <system-err><![CDATA[]]></system-err>
</testsuite>
